<Intents value=3276543>
Loaded nick_add.py
Loaded file_show.py
Loaded timer_count.py
Loaded channel_nya.py
Loaded channel_clean.py
Loaded testing.py
Loaded gudock_list.py
Loaded dice.py
Loaded channel_add.py
Loaded nick_chr.py
Loaded ask_form.py
Loaded music_play_ui.py
Loaded auto_guild_nick.py
Loaded log1.py
Loaded set_setting.py
Loaded gudock copy.py
Loaded command_info.py
Loaded channel_cat.py
Loaded nick_del.py
Loaded channel_num.py
Loaded music_save.py
Loaded auto_p.py
Loaded nick_show.py
Loaded set_record.py
Loaded channel_list_ori.py
Loaded admin_notice.py
Loaded caculate.py
Loaded music_play.py
Loaded uptime_stop.py
Loaded maping.py
Loaded set_password.py
Loaded file_delete.py
Loaded music_list.py
Loaded admin_option.py
Loaded re_load.py
Loaded timer_incount.py
Loaded uptime_in.py
Loaded music_private.py
Loaded set_clean.py
Loaded log2.py
Loaded music_stop.py
Loaded auto_disconnect.py
Loaded auto_stater_m.py
Loaded file_down.py
Loaded gudock.py
Loaded siansuto.py
Loaded channel_de.py
Loaded music_loop.py
Loaded nick_reset.py
Loaded channel_list.py
Loaded vote_form.py
Loaded sian.py
Loaded log.py
{'1134009736447148104': '짭냥', '1159098899684925480': '짭냥', '1171410193549103114': '짭냥', '1171683244941508609': '짭냥', '1171969244230058075': '짭냥'}
Sucessfully synced applications commands
Connected as 짭_냥
Sucessfully synced applications commands
Connected as 짭_냥
